<?xml version="1.0" encoding="UTF-8"?>
<!-- Generated by org.testng.reporters.JUnitReportReporter -->
<testsuite hostname="TestingWorld-PC" name="testing.A" tests="1" failures="0" timestamp="22 May 2016 04:38:07 GMT" time="16.149" errors="0">
  <testcase name="tcase1" time="16.149" classname="testing.A"/>
</testsuite> <!-- testing.A -->
